<?xml version="1.0" encoding="UTF-8"?>
<!-- Generated by org.testng.reporters.JUnitXMLReporter -->
<testsuite ignored="0" hostname="DESKTOP-H00KT5A" failures="0" tests="3" name="Default test" time="1.914" errors="0" timestamp="22 Jul 2023 04:47:12 GMT">
  <testcase classname="com.tests.LoginTest" name="test_01" time="1.567"/>
  <testcase classname="com.tests.LoginTest" name="test_02" time="0.176"/>
  <testcase classname="com.tests.LoginTest" name="test_03" time="0.112"/>
</testsuite> <!-- Default test -->
