<?xml version="1.0" encoding="UTF-8"?>
<testng-results ignored="0" total="3" passed="3" failed="0" skipped="0">
  <reporter-output>
  </reporter-output>
  <suite started-at="2023-07-22T04:47:10Z" name="Default suite" finished-at="2023-07-22T04:47:11Z" duration-ms="1914">
    <groups>
    </groups>
    <test started-at="2023-07-22T04:47:10Z" name="Default test" finished-at="2023-07-22T04:47:11Z" duration-ms="1914">
      <class name="com.tests.LoginTest">
        <test-method is-config="true" signature="setup()[pri:0, instance:com.tests.LoginTest@399c4be1]" started-at="2023-07-22T04:47:04Z" name="setup" finished-at="2023-07-22T04:47:10Z" duration-ms="5898" status="PASS">
          <reporter-output>
          </reporter-output>
        </test-method> <!-- setup -->
        <test-method signature="test_01()[pri:0, instance:com.tests.LoginTest@399c4be1]" started-at="2023-07-22T04:47:10Z" name="test_01" finished-at="2023-07-22T04:47:11Z" duration-ms="1567" status="PASS">
          <reporter-output>
          </reporter-output>
        </test-method> <!-- test_01 -->
        <test-method signature="test_02()[pri:0, instance:com.tests.LoginTest@399c4be1]" started-at="2023-07-22T04:47:11Z" name="test_02" finished-at="2023-07-22T04:47:11Z" duration-ms="176" status="PASS">
          <reporter-output>
          </reporter-output>
        </test-method> <!-- test_02 -->
        <test-method signature="test_03()[pri:0, instance:com.tests.LoginTest@399c4be1]" started-at="2023-07-22T04:47:11Z" name="test_03" finished-at="2023-07-22T04:47:11Z" duration-ms="112" status="PASS">
          <reporter-output>
          </reporter-output>
        </test-method> <!-- test_03 -->
      </class> <!-- com.tests.LoginTest -->
    </test> <!-- Default test -->
  </suite> <!-- Default suite -->
</testng-results>
